X-Makina Assembler - Version XM-23 Single Pass+ Assembler - Release 14.05.23a
Input file name: int_vect_memory.txt
Time of assembly: Sun 5 Nov 2023 17:29:37 
  1	    	     	00
			**** Invalid symbol 00
  2	    	     	00
			**** Invalid symbol 00
  3	    	     	00
			**** Invalid symbol 00
  4	    	     	00
			**** Invalid symbol 00
  5	    	     	00
			**** Invalid symbol 00
  6	    	     	00
			**** Invalid symbol 00
  7	    	     	00
			**** Invalid symbol 00
  8	    	     	00
			**** Invalid symbol 00
  9	    	     	00
			**** Invalid symbol 00
 10	    	     	00
			**** Invalid symbol 00
 11	    	     	00
			**** Invalid symbol 00
 12	    	     	00
			**** Invalid symbol 00
 13	    	     	00
			**** Invalid symbol 00
 14	    	     	00
			**** Invalid symbol 00
 15	    	     	00
			**** Invalid symbol 00
 16	    	     	00
			**** Invalid symbol 00
 17	    	     	00
			**** Invalid symbol 00
 18	    	     	00
			**** Invalid symbol 00
 19	    	     	00
			**** Invalid symbol 00
 20	    	     	00
			**** Invalid symbol 00
 21	    	     	00
			**** Invalid symbol 00
 22	    	     	00
			**** Invalid symbol 00
 23	    	     	00
			**** Invalid symbol 00
 24	    	     	00
			**** Invalid symbol 00
 25	    	     	00
			**** Invalid symbol 00
 26	    	     	00
			**** Invalid symbol 00
 27	    	     	00
			**** Invalid symbol 00
 28	    	     	00
			**** Invalid symbol 00
 29	    	     	00
			**** Invalid symbol 00
 30	    	     	00
			**** Invalid symbol 00
 31	    	     	00
			**** Invalid symbol 00
 32	    	     	00
			**** Invalid symbol 00
 33	    	     	00
			**** Invalid symbol 00
 34	    	     	00
			**** Invalid symbol 00
 35	    	     	00
			**** Invalid symbol 00
 36	    	     	00
			**** Invalid symbol 00
 37	    	     	00
			**** Invalid symbol 00
 38	    	     	00
			**** Invalid symbol 00
 39	    	     	00
			**** Invalid symbol 00
 40	    	     	00
			**** Invalid symbol 00
 41	    	     	00
			**** Invalid symbol 00
 42	    	     	00
			**** Invalid symbol 00
 43	    	     	00
			**** Invalid symbol 00
 44	    	     	00
			**** Invalid symbol 00
 45	    	     	00
			**** Invalid symbol 00
 46	    	     	00
			**** Invalid symbol 00
 47	    	     	00
			**** Invalid symbol 00
 48	    	     	00
			**** Invalid symbol 00
 49	    	     	00
			**** Invalid symbol 00
 50	    	     	00
			**** Invalid symbol 00
 51	    	     	00
			**** Invalid symbol 00
 52	    	     	00
			**** Invalid symbol 00
 53	    	     	00
			**** Invalid symbol 00
 54	    	     	00
			**** Invalid symbol 00
 55	    	     	00
			**** Invalid symbol 00
 56	    	     	00
			**** Invalid symbol 00
 57	    	     	00
			**** Invalid symbol 00
 58	    	     	00
			**** Invalid symbol 00
 59	    	     	00
			**** Invalid symbol 00
 60	    	     	00
			**** Invalid symbol 00
 61	    	     	00
			**** Invalid symbol 00
 62	    	     	00
			**** Invalid symbol 00
 63	    	     	00
			**** Invalid symbol 00
 64	    	     	00
			**** Invalid symbol 00

First pass errors - assembly terminated

** Symbol table **
Name                               	Type	Value	Decimal
R7                                 	REG	0007	7	PRI
R6                                 	REG	0006	6	PRI
R5                                 	REG	0005	5	PRI
R4                                 	REG	0004	4	PRI
R3                                 	REG	0003	3	PRI
R2                                 	REG	0002	2	PRI
R1                                 	REG	0001	1	PRI
R0                                 	REG	0000	0	PRI
